# JRE version: OpenJDK Runtime Environment Temurin-21.0.10+7 (21.0.10+7) (build 21.0.10+7-LTS)
# Java VM: OpenJDK 64-Bit Server VM Temurin-21.0.10+7 (21.0.10+7-LTS, mixed mode, sharing, tiered, compressed oops, compressed class ptrs, parallel gc, windows-amd64)
GC Precious Log:
 CardTable entry size: 512
 CPUs: 8 total, 8 available
 Memory: 7502M
 Large Page Support: Disabled
 NUMA Support: Disabled
 Compressed Oops: Enabled (32-bit)
 Alignments: Space 512K, Generation 512K, Heap 2M
 Heap Min Capacity: 100M
 Heap Initial Capacity: 100M
 Heap Max Capacity: 2G
 Pre-touch: Disabled
 Parallel Workers: 8
Heap:
 PSYoungGen      total 18944K, used 16702K [0x00000000d5580000, 0x00000000d6f80000, 0x0000000100000000)
  eden space 18432K, 87% used [0x00000000d5580000,0x00000000d6552f20,0x00000000d6780000)
  from space 512K, 97% used [0x00000000d6a80000,0x00000000d6afc980,0x00000000d6b00000)
  to   space 3072K, 0% used [0x00000000d6780000,0x00000000d6780000,0x00000000d6a80000)
 ParOldGen       total 68608K, used 45054K [0x0000000080000000, 0x0000000084300000, 0x00000000d5580000)
  object space 68608K, 65% used [0x0000000080000000,0x0000000082bff828,0x0000000084300000)
 Metaspace       used 66420K, committed 67840K, reserved 1114112K
  class space    used 8419K, committed 9024K, reserved 1048576K
GC Heap History (20 events):
Event: 292.972 GC heap before
{Heap before GC invocations=68 (full 3):
 PSYoungGen      total 20992K, used 20672K [0x00000000d5580000, 0x00000000d6b00000, 0x0000000100000000)
  eden space 20480K, 100% used [0x00000000d5580000,0x00000000d6980000,0x00000000d6980000)
  from space 512K, 37% used [0x00000000d6a80000,0x00000000d6ab0000,0x00000000d6b00000)
  to   space 512K, 0% used [0x00000000d6a00000,0x00000000d6a00000,0x00000000d6a80000)
 ParOldGen       total 68608K, used 43025K [0x0000000080000000, 0x0000000084300000, 0x00000000d5580000)
  object space 68608K, 62% used [0x0000000080000000,0x0000000082a04760,0x0000000084300000)
 Metaspace       used 65016K, committed 66432K, reserved 1114112K
  class space    used 8250K, committed 8896K, reserved 1048576K
}
Event: 292.973 GC heap after
{Heap after GC invocations=68 (full 3):
 PSYoungGen      total 20992K, used 96K [0x00000000d5580000, 0x00000000d6b00000, 0x0000000100000000)
  eden space 20480K, 0% used [0x00000000d5580000,0x00000000d5580000,0x00000000d6980000)
  from space 512K, 18% used [0x00000000d6a00000,0x00000000d6a18000,0x00000000d6a80000)
  to   space 512K, 0% used [0x00000000d6a80000,0x00000000d6a80000,0x00000000d6b00000)
 ParOldGen       total 68608K, used 43065K [0x0000000080000000, 0x0000000084300000, 0x00000000d5580000)
  object space 68608K, 62% used [0x0000000080000000,0x0000000082a0e760,0x0000000084300000)
 Metaspace       used 65016K, committed 66432K, reserved 1114112K
  class space    used 8250K, committed 8896K, reserved 1048576K
}
Event: 294.091 GC heap before
{Heap before GC invocations=69 (full 3):
 PSYoungGen      total 20992K, used 20576K [0x00000000d5580000, 0x00000000d6b00000, 0x0000000100000000)
  eden space 20480K, 100% used [0x00000000d5580000,0x00000000d6980000,0x00000000d6980000)
  from space 512K, 18% used [0x00000000d6a00000,0x00000000d6a18000,0x00000000d6a80000)
  to   space 512K, 0% used [0x00000000d6a80000,0x00000000d6a80000,0x00000000d6b00000)
 ParOldGen       total 68608K, used 43065K [0x0000000080000000, 0x0000000084300000, 0x00000000d5580000)
  object space 68608K, 62% used [0x0000000080000000,0x0000000082a0e760,0x0000000084300000)
 Metaspace       used 65018K, committed 66432K, reserved 1114112K
  class space    used 8250K, committed 8896K, reserved 1048576K
}
Event: 294.092 GC heap after
{Heap after GC invocations=69 (full 3):
 PSYoungGen      total 20992K, used 192K [0x00000000d5580000, 0x00000000d6b00000, 0x0000000100000000)
  eden space 20480K, 0% used [0x00000000d5580000,0x00000000d5580000,0x00000000d6980000)
  from space 512K, 37% used [0x00000000d6a80000,0x00000000d6ab0000,0x00000000d6b00000)
  to   space 512K, 0% used [0x00000000d6a00000,0x00000000d6a00000,0x00000000d6a80000)
 ParOldGen       total 68608K, used 43065K [0x0000000080000000, 0x0000000084300000, 0x00000000d5580000)
  object space 68608K, 62% used [0x0000000080000000,0x0000000082a0e760,0x0000000084300000)
 Metaspace       used 65018K, committed 66432K, reserved 1114112K
  class space    used 8250K, committed 8896K, reserved 1048576K
}
Event: 294.256 GC heap before
{Heap before GC invocations=70 (full 3):
 PSYoungGen      total 20992K, used 20672K [0x00000000d5580000, 0x00000000d6b00000, 0x0000000100000000)
  eden space 20480K, 100% used [0x00000000d5580000,0x00000000d6980000,0x00000000d6980000)
  from space 512K, 37% used [0x00000000d6a80000,0x00000000d6ab0000,0x00000000d6b00000)
  to   space 512K, 0% used [0x00000000d6a00000,0x00000000d6a00000,0x00000000d6a80000)
 ParOldGen       total 68608K, used 43065K [0x0000000080000000, 0x0000000084300000, 0x00000000d5580000)
  object space 68608K, 62% used [0x0000000080000000,0x0000000082a0e760,0x0000000084300000)
 Metaspace       used 65018K, committed 66432K, reserved 1114112K
  class space    used 8250K, committed 8896K, reserved 1048576K
}
Event: 294.257 GC heap after
{Heap after GC invocations=70 (full 3):
 PSYoungGen      total 20992K, used 96K [0x00000000d5580000, 0x00000000d6b00000, 0x0000000100000000)
  eden space 20480K, 0% used [0x00000000d5580000,0x00000000d5580000,0x00000000d6980000)
  from space 512K, 18% used [0x00000000d6a00000,0x00000000d6a18000,0x00000000d6a80000)
  to   space 512K, 0% used [0x00000000d6a80000,0x00000000d6a80000,0x00000000d6b00000)
 ParOldGen       total 68608K, used 43097K [0x0000000080000000, 0x0000000084300000, 0x00000000d5580000)
  object space 68608K, 62% used [0x0000000080000000,0x0000000082a16760,0x0000000084300000)
 Metaspace       used 65018K, committed 66432K, reserved 1114112K
  class space    used 8250K, committed 8896K, reserved 1048576K
}
Event: 294.834 GC heap before
{Heap before GC invocations=71 (full 3):
 PSYoungGen      total 20992K, used 20576K [0x00000000d5580000, 0x00000000d6b00000, 0x0000000100000000)
  eden space 20480K, 100% used [0x00000000d5580000,0x00000000d6980000,0x00000000d6980000)
  from space 512K, 18% used [0x00000000d6a00000,0x00000000d6a18000,0x00000000d6a80000)
  to   space 512K, 0% used [0x00000000d6a80000,0x00000000d6a80000,0x00000000d6b00000)
 ParOldGen       total 68608K, used 43097K [0x0000000080000000, 0x0000000084300000, 0x00000000d5580000)
  object space 68608K, 62% used [0x0000000080000000,0x0000000082a16760,0x0000000084300000)
 Metaspace       used 65019K, committed 66432K, reserved 1114112K
  class space    used 8250K, committed 8896K, reserved 1048576K
}
Event: 294.835 GC heap after
{Heap after GC invocations=71 (full 3):
 PSYoungGen      total 20992K, used 224K [0x00000000d5580000, 0x00000000d6b00000, 0x0000000100000000)
  eden space 20480K, 0% used [0x00000000d5580000,0x00000000d5580000,0x00000000d6980000)
  from space 512K, 43% used [0x00000000d6a80000,0x00000000d6ab8000,0x00000000d6b00000)
  to   space 512K, 0% used [0x00000000d6a00000,0x00000000d6a00000,0x00000000d6a80000)
 ParOldGen       total 68608K, used 43097K [0x0000000080000000, 0x0000000084300000, 0x00000000d5580000)
  object space 68608K, 62% used [0x0000000080000000,0x0000000082a16760,0x0000000084300000)
 Metaspace       used 65019K, committed 66432K, reserved 1114112K
  class space    used 8250K, committed 8896K, reserved 1048576K
}
Event: 294.970 GC heap before
{Heap before GC invocations=72 (full 3):
 PSYoungGen      total 20992K, used 20704K [0x00000000d5580000, 0x00000000d6b00000, 0x0000000100000000)
  eden space 20480K, 100% used [0x00000000d5580000,0x00000000d6980000,0x00000000d6980000)
  from space 512K, 43% used [0x00000000d6a80000,0x00000000d6ab8000,0x00000000d6b00000)
  to   space 512K, 0% used [0x00000000d6a00000,0x00000000d6a00000,0x00000000d6a80000)
 ParOldGen       total 68608K, used 43097K [0x0000000080000000, 0x0000000084300000, 0x00000000d5580000)
  object space 68608K, 62% used [0x0000000080000000,0x0000000082a16760,0x0000000084300000)
 Metaspace       used 65019K, committed 66432K, reserved 1114112K
  class space    used 8250K, committed 8896K, reserved 1048576K
}
Event: 294.971 GC heap after
{Heap after GC invocations=72 (full 3):
 PSYoungGen      total 20992K, used 128K [0x00000000d5580000, 0x00000000d6b00000, 0x0000000100000000)
  eden space 20480K, 0% used [0x00000000d5580000,0x00000000d5580000,0x00000000d6980000)
  from space 512K, 25% used [0x00000000d6a00000,0x00000000d6a20000,0x00000000d6a80000)
  to   space 512K, 0% used [0x00000000d6a80000,0x00000000d6a80000,0x00000000d6b00000)
 ParOldGen       total 68608K, used 43121K [0x0000000080000000, 0x0000000084300000, 0x00000000d5580000)
  object space 68608K, 62% used [0x0000000080000000,0x0000000082a1c760,0x0000000084300000)
 Metaspace       used 65019K, committed 66432K, reserved 1114112K
  class space    used 8250K, committed 8896K, reserved 1048576K
}
Event: 296.085 GC heap before
{Heap before GC invocations=73 (full 3):
 PSYoungGen      total 20992K, used 20608K [0x00000000d5580000, 0x00000000d6b00000, 0x0000000100000000)
  eden space 20480K, 100% used [0x00000000d5580000,0x00000000d6980000,0x00000000d6980000)
  from space 512K, 25% used [0x00000000d6a00000,0x00000000d6a20000,0x00000000d6a80000)
  to   space 512K, 0% used [0x00000000d6a80000,0x00000000d6a80000,0x00000000d6b00000)
 ParOldGen       total 68608K, used 43121K [0x0000000080000000, 0x0000000084300000, 0x00000000d5580000)
  object space 68608K, 62% used [0x0000000080000000,0x0000000082a1c760,0x0000000084300000)
 Metaspace       used 65021K, committed 66432K, reserved 1114112K
  class space    used 8250K, committed 8896K, reserved 1048576K
}
Event: 296.086 GC heap after
{Heap after GC invocations=73 (full 3):
 PSYoungGen      total 20992K, used 192K [0x00000000d5580000, 0x00000000d6b00000, 0x0000000100000000)
  eden space 20480K, 0% used [0x00000000d5580000,0x00000000d5580000,0x00000000d6980000)
  from space 512K, 37% used [0x00000000d6a80000,0x00000000d6ab0000,0x00000000d6b00000)
  to   space 512K, 0% used [0x00000000d6a00000,0x00000000d6a00000,0x00000000d6a80000)
 ParOldGen       total 68608K, used 43121K [0x0000000080000000, 0x0000000084300000, 0x00000000d5580000)
  object space 68608K, 62% used [0x0000000080000000,0x0000000082a1c760,0x0000000084300000)
 Metaspace       used 65021K, committed 66432K, reserved 1114112K
  class space    used 8250K, committed 8896K, reserved 1048576K
}
Event: 296.520 GC heap before
{Heap before GC invocations=74 (full 3):
 PSYoungGen      total 20992K, used 20672K [0x00000000d5580000, 0x00000000d6b00000, 0x0000000100000000)
  eden space 20480K, 100% used [0x00000000d5580000,0x00000000d6980000,0x00000000d6980000)
  from space 512K, 37% used [0x00000000d6a80000,0x00000000d6ab0000,0x00000000d6b00000)
  to   space 512K, 0% used [0x00000000d6a00000,0x00000000d6a00000,0x00000000d6a80000)
 ParOldGen       total 68608K, used 43121K [0x0000000080000000, 0x0000000084300000, 0x00000000d5580000)
  object space 68608K, 62% used [0x0000000080000000,0x0000000082a1c760,0x0000000084300000)
 Metaspace       used 65021K, committed 66432K, reserved 1114112K
  class space    used 8250K, committed 8896K, reserved 1048576K
}
Event: 296.520 GC heap after
{Heap after GC invocations=74 (full 3):
 PSYoungGen      total 20992K, used 160K [0x00000000d5580000, 0x00000000d6b00000, 0x0000000100000000)
  eden space 20480K, 0% used [0x00000000d5580000,0x00000000d5580000,0x00000000d6980000)
  from space 512K, 31% used [0x00000000d6a00000,0x00000000d6a28000,0x00000000d6a80000)
  to   space 512K, 0% used [0x00000000d6a80000,0x00000000d6a80000,0x00000000d6b00000)
 ParOldGen       total 68608K, used 43161K [0x0000000080000000, 0x0000000084300000, 0x00000000d5580000)
  object space 68608K, 62% used [0x0000000080000000,0x0000000082a26760,0x0000000084300000)
 Metaspace       used 65021K, committed 66432K, reserved 1114112K
  class space    used 8250K, committed 8896K, reserved 1048576K
}
Event: 297.009 GC heap before
{Heap before GC invocations=75 (full 3):
 PSYoungGen      total 20992K, used 20640K [0x00000000d5580000, 0x00000000d6b00000, 0x0000000100000000)
  eden space 20480K, 100% used [0x00000000d5580000,0x00000000d6980000,0x00000000d6980000)
  from space 512K, 31% used [0x00000000d6a00000,0x00000000d6a28000,0x00000000d6a80000)
  to   space 512K, 0% used [0x00000000d6a80000,0x00000000d6a80000,0x00000000d6b00000)
 ParOldGen       total 68608K, used 43161K [0x0000000080000000, 0x0000000084300000, 0x00000000d5580000)
  object space 68608K, 62% used [0x0000000080000000,0x0000000082a26760,0x0000000084300000)
 Metaspace       used 65029K, committed 66496K, reserved 1114112K
  class space    used 8250K, committed 8896K, reserved 1048576K
}
Event: 297.010 GC heap after
{Heap after GC invocations=75 (full 3):
 PSYoungGen      total 20992K, used 160K [0x00000000d5580000, 0x00000000d6b00000, 0x0000000100000000)
  eden space 20480K, 0% used [0x00000000d5580000,0x00000000d5580000,0x00000000d6980000)
  from space 512K, 31% used [0x00000000d6a80000,0x00000000d6aa8000,0x00000000d6b00000)
  to   space 512K, 0% used [0x00000000d6a00000,0x00000000d6a00000,0x00000000d6a80000)
 ParOldGen       total 68608K, used 43161K [0x0000000080000000, 0x0000000084300000, 0x00000000d5580000)
  object space 68608K, 62% used [0x0000000080000000,0x0000000082a26760,0x0000000084300000)
 Metaspace       used 65029K, committed 66496K, reserved 1114112K
  class space    used 8250K, committed 8896K, reserved 1048576K
}
Event: 298.282 GC heap before
{Heap before GC invocations=76 (full 3):
 PSYoungGen      total 20992K, used 20640K [0x00000000d5580000, 0x00000000d6b00000, 0x0000000100000000)
  eden space 20480K, 100% used [0x00000000d5580000,0x00000000d6980000,0x00000000d6980000)
  from space 512K, 31% used [0x00000000d6a80000,0x00000000d6aa8000,0x00000000d6b00000)
  to   space 512K, 0% used [0x00000000d6a00000,0x00000000d6a00000,0x00000000d6a80000)
 ParOldGen       total 68608K, used 43161K [0x0000000080000000, 0x0000000084300000, 0x00000000d5580000)
  object space 68608K, 62% used [0x0000000080000000,0x0000000082a26760,0x0000000084300000)
 Metaspace       used 65050K, committed 66496K, reserved 1114112K
  class space    used 8252K, committed 8896K, reserved 1048576K
}
Event: 298.285 GC heap after
{Heap after GC invocations=76 (full 3):
 PSYoungGen      total 20992K, used 288K [0x00000000d5580000, 0x00000000d6b00000, 0x0000000100000000)
  eden space 20480K, 0% used [0x00000000d5580000,0x00000000d5580000,0x00000000d6980000)
  from space 512K, 56% used [0x00000000d6a00000,0x00000000d6a48000,0x00000000d6a80000)
  to   space 512K, 0% used [0x00000000d6a80000,0x00000000d6a80000,0x00000000d6b00000)
 ParOldGen       total 68608K, used 43169K [0x0000000080000000, 0x0000000084300000, 0x00000000d5580000)
  object space 68608K, 62% used [0x0000000080000000,0x0000000082a28760,0x0000000084300000)
 Metaspace       used 65050K, committed 66496K, reserved 1114112K
  class space    used 8252K, committed 8896K, reserved 1048576K
}
Event: 383.050 GC heap before
{Heap before GC invocations=77 (full 3):
 PSYoungGen      total 20992K, used 20767K [0x00000000d5580000, 0x00000000d6b00000, 0x0000000100000000)
  eden space 20480K, 99% used [0x00000000d5580000,0x00000000d697fd58,0x00000000d6980000)
  from space 512K, 56% used [0x00000000d6a00000,0x00000000d6a48000,0x00000000d6a80000)
  to   space 512K, 0% used [0x00000000d6a80000,0x00000000d6a80000,0x00000000d6b00000)
 ParOldGen       total 68608K, used 43169K [0x0000000080000000, 0x0000000084300000, 0x00000000d5580000)
  object space 68608K, 62% used [0x0000000080000000,0x0000000082a28760,0x0000000084300000)
 Metaspace       used 65473K, committed 66944K, reserved 1114112K
  class space    used 8299K, committed 8960K, reserved 1048576K
}
Event: 383.060 GC heap after
{Heap after GC invocations=77 (full 3):
 PSYoungGen      total 18944K, used 498K [0x00000000d5580000, 0x00000000d6f80000, 0x0000000100000000)
  eden space 18432K, 0% used [0x00000000d5580000,0x00000000d5580000,0x00000000d6780000)
  from space 512K, 97% used [0x00000000d6a80000,0x00000000d6afc980,0x00000000d6b00000)
  to   space 3072K, 0% used [0x00000000d6780000,0x00000000d6780000,0x00000000d6a80000)
 ParOldGen       total 68608K, used 45054K [0x0000000080000000, 0x0000000084300000, 0x00000000d5580000)
  object space 68608K, 65% used [0x0000000080000000,0x0000000082bff828,0x0000000084300000)
 Metaspace       used 65473K, committed 66944K, reserved 1114112K
  class space    used 8299K, committed 8960K, reserved 1048576K
}

