# JRE version: Java(TM) SE Runtime Environment (17.0.8+9) (build 17.0.8+9-LTS-211)
# Java VM: Java HotSpot(TM) 64-Bit Server VM (17.0.8+9-LTS-211, mixed mode, sharing, tiered, compressed oops, compressed class ptrs, g1 gc, windows-amd64)
GC Precious Log:
 CPUs: 8 total, 8 available
 Memory: 7502M
 Large Page Support: Disabled
 NUMA Support: Disabled
 Compressed Oops: Enabled (Zero based)
 Heap Region Size: 4M
 Heap Min Capacity: 8M
 Heap Initial Capacity: 120M
 Heap Max Capacity: 8G
 Pre-touch: Disabled
 Parallel Workers: 8
 Concurrent Workers: 2
 Concurrent Refinement Workers: 8
 Periodic GC: Disabled
Heap:
 garbage-first heap   total 466944K, used 346391K [0x0000000600000000, 0x0000000800000000)
  region size 4096K, 40 young (163840K), 1 survivors (4096K)
 Metaspace       used 151947K, committed 153600K, reserved 1245184K
  class space    used 21201K, committed 22016K, reserved 1048576K
GC Heap History (20 events):
Event: 283.533 GC heap before
{Heap before GC invocations=85 (full 0):
 garbage-first heap   total 344064K, used 270737K [0x0000000600000000, 0x0000000800000000)
  region size 4096K, 24 young (98304K), 1 survivors (4096K)
 Metaspace       used 118059K, committed 119424K, reserved 1179648K
  class space    used 16452K, committed 17088K, reserved 1048576K
}
Event: 283.562 GC heap after
{Heap after GC invocations=86 (full 0):
 garbage-first heap   total 344064K, used 188241K [0x0000000600000000, 0x0000000800000000)
  region size 4096K, 3 young (12288K), 3 survivors (12288K)
 Metaspace       used 118059K, committed 119424K, reserved 1179648K
  class space    used 16452K, committed 17088K, reserved 1048576K
}
Event: 347.894 GC heap before
{Heap before GC invocations=86 (full 0):
 garbage-first heap   total 344064K, used 278353K [0x0000000600000000, 0x0000000800000000)
  region size 4096K, 25 young (102400K), 3 survivors (12288K)
 Metaspace       used 121193K, committed 122624K, reserved 1179648K
  class space    used 16855K, committed 17536K, reserved 1048576K
}
Event: 347.911 GC heap after
{Heap after GC invocations=87 (full 0):
 garbage-first heap   total 344064K, used 195023K [0x0000000600000000, 0x0000000800000000)
  region size 4096K, 4 young (16384K), 4 survivors (16384K)
 Metaspace       used 121193K, committed 122624K, reserved 1179648K
  class space    used 16855K, committed 17536K, reserved 1048576K
}
Event: 350.578 GC heap before
{Heap before GC invocations=87 (full 0):
 garbage-first heap   total 344064K, used 276943K [0x0000000600000000, 0x0000000800000000)
  region size 4096K, 25 young (102400K), 4 survivors (16384K)
 Metaspace       used 126457K, committed 127936K, reserved 1179648K
  class space    used 17492K, committed 18176K, reserved 1048576K
}
Event: 350.603 GC heap after
{Heap after GC invocations=88 (full 0):
 garbage-first heap   total 344064K, used 199835K [0x0000000600000000, 0x0000000800000000)
  region size 4096K, 3 young (12288K), 3 survivors (12288K)
 Metaspace       used 126457K, committed 127936K, reserved 1179648K
  class space    used 17492K, committed 18176K, reserved 1048576K
}
Event: 355.377 GC heap before
{Heap before GC invocations=88 (full 0):
 garbage-first heap   total 344064K, used 285851K [0x0000000600000000, 0x0000000800000000)
  region size 4096K, 24 young (98304K), 3 survivors (12288K)
 Metaspace       used 133428K, committed 134976K, reserved 1179648K
  class space    used 18411K, committed 19136K, reserved 1048576K
}
Event: 355.389 GC heap after
{Heap after GC invocations=89 (full 0):
 garbage-first heap   total 344064K, used 204111K [0x0000000600000000, 0x0000000800000000)
  region size 4096K, 3 young (12288K), 3 survivors (12288K)
 Metaspace       used 133428K, committed 134976K, reserved 1179648K
  class space    used 18411K, committed 19136K, reserved 1048576K
}
Event: 357.502 GC heap before
{Heap before GC invocations=89 (full 0):
 garbage-first heap   total 344064K, used 277839K [0x0000000600000000, 0x0000000800000000)
  region size 4096K, 22 young (90112K), 3 survivors (12288K)
 Metaspace       used 138288K, committed 139840K, reserved 1179648K
  class space    used 19100K, committed 19840K, reserved 1048576K
}
Event: 357.514 GC heap after
{Heap after GC invocations=90 (full 0):
 garbage-first heap   total 344064K, used 207394K [0x0000000600000000, 0x0000000800000000)
  region size 4096K, 2 young (8192K), 2 survivors (8192K)
 Metaspace       used 138288K, committed 139840K, reserved 1179648K
  class space    used 19100K, committed 19840K, reserved 1048576K
}
Event: 359.945 GC heap before
{Heap before GC invocations=90 (full 0):
 garbage-first heap   total 344064K, used 285218K [0x0000000600000000, 0x0000000800000000)
  region size 4096K, 22 young (90112K), 2 survivors (8192K)
 Metaspace       used 144611K, committed 146176K, reserved 1179648K
  class space    used 20112K, committed 20864K, reserved 1048576K
}
Event: 359.957 GC heap after
{Heap after GC invocations=91 (full 0):
 garbage-first heap   total 344064K, used 210573K [0x0000000600000000, 0x0000000800000000)
  region size 4096K, 2 young (8192K), 2 survivors (8192K)
 Metaspace       used 144611K, committed 146176K, reserved 1179648K
  class space    used 20112K, committed 20864K, reserved 1048576K
}
Event: 361.586 GC heap before
{Heap before GC invocations=91 (full 0):
 garbage-first heap   total 344064K, used 288397K [0x0000000600000000, 0x0000000800000000)
  region size 4096K, 21 young (86016K), 2 survivors (8192K)
 Metaspace       used 146661K, committed 148224K, reserved 1179648K
  class space    used 20393K, committed 21120K, reserved 1048576K
}
Event: 361.599 GC heap after
{Heap after GC invocations=92 (full 0):
 garbage-first heap   total 344064K, used 215512K [0x0000000600000000, 0x0000000800000000)
  region size 4096K, 2 young (8192K), 2 survivors (8192K)
 Metaspace       used 146661K, committed 148224K, reserved 1179648K
  class space    used 20393K, committed 21120K, reserved 1048576K
}
Event: 362.963 GC heap before
{Heap before GC invocations=93 (full 0):
 garbage-first heap   total 389120K, used 281048K [0x0000000600000000, 0x0000000800000000)
  region size 4096K, 19 young (77824K), 2 survivors (8192K)
 Metaspace       used 147496K, committed 149120K, reserved 1179648K
  class space    used 20588K, committed 21376K, reserved 1048576K
}
Event: 362.979 GC heap after
{Heap after GC invocations=94 (full 0):
 garbage-first heap   total 389120K, used 222635K [0x0000000600000000, 0x0000000800000000)
  region size 4096K, 3 young (12288K), 3 survivors (12288K)
 Metaspace       used 147496K, committed 149120K, reserved 1179648K
  class space    used 20588K, committed 21376K, reserved 1048576K
}
Event: 363.002 GC heap before
{Heap before GC invocations=94 (full 0):
 garbage-first heap   total 389120K, used 226731K [0x0000000600000000, 0x0000000800000000)
  region size 4096K, 4 young (16384K), 3 survivors (12288K)
 Metaspace       used 147511K, committed 149120K, reserved 1179648K
  class space    used 20590K, committed 21376K, reserved 1048576K
}
Event: 363.043 GC heap after
{Heap after GC invocations=95 (full 0):
 garbage-first heap   total 389120K, used 198005K [0x0000000600000000, 0x0000000800000000)
  region size 4096K, 1 young (4096K), 1 survivors (4096K)
 Metaspace       used 147511K, committed 149120K, reserved 1179648K
  class space    used 20590K, committed 21376K, reserved 1048576K
}
Event: 363.163 GC heap before
{Heap before GC invocations=95 (full 0):
 garbage-first heap   total 389120K, used 210293K [0x0000000600000000, 0x0000000800000000)
  region size 4096K, 4 young (16384K), 1 survivors (4096K)
 Metaspace       used 147605K, committed 149184K, reserved 1179648K
  class space    used 20606K, committed 21376K, reserved 1048576K
}
Event: 363.188 GC heap after
{Heap after GC invocations=96 (full 0):
 garbage-first heap   total 466944K, used 194839K [0x0000000600000000, 0x0000000800000000)
  region size 4096K, 1 young (4096K), 1 survivors (4096K)
 Metaspace       used 147605K, committed 149184K, reserved 1179648K
  class space    used 20606K, committed 21376K, reserved 1048576K
}

