# JRE version: Java(TM) SE Runtime Environment (17.0.8+9) (build 17.0.8+9-LTS-211)
# Java VM: Java HotSpot(TM) 64-Bit Server VM (17.0.8+9-LTS-211, mixed mode, sharing, tiered, compressed oops, compressed class ptrs, g1 gc, windows-amd64)
GC Precious Log:
 CPUs: 8 total, 8 available
 Memory: 7502M
 Large Page Support: Disabled
 NUMA Support: Disabled
 Compressed Oops: Enabled (Zero based)
 Heap Region Size: 4M
 Heap Min Capacity: 8M
 Heap Initial Capacity: 120M
 Heap Max Capacity: 8G
 Pre-touch: Disabled
 Parallel Workers: 8
 Concurrent Workers: 2
 Concurrent Refinement Workers: 8
 Periodic GC: Disabled
Heap:
 garbage-first heap   total 266240K, used 183482K [0x0000000600000000, 0x0000000800000000)
  region size 4096K, 8 young (32768K), 2 survivors (8192K)
 Metaspace       used 104735K, committed 105920K, reserved 1179648K
  class space    used 14667K, committed 15232K, reserved 1048576K
GC Heap History (20 events):
Event: 55.553 GC heap before
{Heap before GC invocations=55 (full 0):
 garbage-first heap   total 204800K, used 164309K [0x0000000600000000, 0x0000000800000000)
  region size 4096K, 14 young (57344K), 2 survivors (8192K)
 Metaspace       used 98709K, committed 99648K, reserved 1179648K
  class space    used 13827K, committed 14272K, reserved 1048576K
}
Event: 55.566 GC heap after
{Heap after GC invocations=56 (full 0):
 garbage-first heap   total 204800K, used 117794K [0x0000000600000000, 0x0000000800000000)
  region size 4096K, 2 young (8192K), 2 survivors (8192K)
 Metaspace       used 98709K, committed 99648K, reserved 1179648K
  class space    used 13827K, committed 14272K, reserved 1048576K
}
Event: 56.418 GC heap before
{Heap before GC invocations=56 (full 0):
 garbage-first heap   total 204800K, used 166946K [0x0000000600000000, 0x0000000800000000)
  region size 4096K, 14 young (57344K), 2 survivors (8192K)
 Metaspace       used 100042K, committed 100992K, reserved 1179648K
  class space    used 13991K, committed 14464K, reserved 1048576K
}
Event: 56.430 GC heap after
{Heap after GC invocations=57 (full 0):
 garbage-first heap   total 204800K, used 119775K [0x0000000600000000, 0x0000000800000000)
  region size 4096K, 2 young (8192K), 2 survivors (8192K)
 Metaspace       used 100042K, committed 100992K, reserved 1179648K
  class space    used 13991K, committed 14464K, reserved 1048576K
}
Event: 57.856 GC heap before
{Heap before GC invocations=58 (full 0):
 garbage-first heap   total 225280K, used 160735K [0x0000000600000000, 0x0000000800000000)
  region size 4096K, 13 young (53248K), 2 survivors (8192K)
 Metaspace       used 100989K, committed 101952K, reserved 1179648K
  class space    used 14165K, committed 14656K, reserved 1048576K
}
Event: 57.865 GC heap after
{Heap after GC invocations=59 (full 0):
 garbage-first heap   total 225280K, used 126768K [0x0000000600000000, 0x0000000800000000)
  region size 4096K, 2 young (8192K), 2 survivors (8192K)
 Metaspace       used 100989K, committed 101952K, reserved 1179648K
  class space    used 14165K, committed 14656K, reserved 1048576K
}
Event: 58.899 GC heap before
{Heap before GC invocations=59 (full 0):
 garbage-first heap   total 225280K, used 184112K [0x0000000600000000, 0x0000000800000000)
  region size 4096K, 16 young (65536K), 2 survivors (8192K)
 Metaspace       used 101254K, committed 102208K, reserved 1179648K
  class space    used 14190K, committed 14656K, reserved 1048576K
}
Event: 58.908 GC heap after
{Heap after GC invocations=60 (full 0):
 garbage-first heap   total 225280K, used 130622K [0x0000000600000000, 0x0000000800000000)
  region size 4096K, 1 young (4096K), 1 survivors (4096K)
 Metaspace       used 101254K, committed 102208K, reserved 1179648K
  class space    used 14190K, committed 14656K, reserved 1048576K
}
Event: 59.841 GC heap before
{Heap before GC invocations=61 (full 0):
 garbage-first heap   total 262144K, used 175678K [0x0000000600000000, 0x0000000800000000)
  region size 4096K, 13 young (53248K), 1 survivors (4096K)
 Metaspace       used 101360K, committed 102400K, reserved 1179648K
  class space    used 14207K, committed 14720K, reserved 1048576K
}
Event: 59.850 GC heap after
{Heap after GC invocations=62 (full 0):
 garbage-first heap   total 262144K, used 135898K [0x0000000600000000, 0x0000000800000000)
  region size 4096K, 2 young (8192K), 2 survivors (8192K)
 Metaspace       used 101360K, committed 102400K, reserved 1179648K
  class space    used 14207K, committed 14720K, reserved 1048576K
}
Event: 60.935 GC heap before
{Heap before GC invocations=62 (full 0):
 garbage-first heap   total 262144K, used 209626K [0x0000000600000000, 0x0000000800000000)
  region size 4096K, 20 young (81920K), 2 survivors (8192K)
 Metaspace       used 101508K, committed 102528K, reserved 1179648K
  class space    used 14222K, committed 14720K, reserved 1048576K
}
Event: 60.946 GC heap after
{Heap after GC invocations=63 (full 0):
 garbage-first heap   total 262144K, used 140174K [0x0000000600000000, 0x0000000800000000)
  region size 4096K, 3 young (12288K), 3 survivors (12288K)
 Metaspace       used 101508K, committed 102528K, reserved 1179648K
  class space    used 14222K, committed 14720K, reserved 1048576K
}
Event: 62.639 GC heap before
{Heap before GC invocations=64 (full 0):
 garbage-first heap   total 262144K, used 201614K [0x0000000600000000, 0x0000000800000000)
  region size 4096K, 19 young (77824K), 3 survivors (12288K)
 Metaspace       used 101867K, committed 102912K, reserved 1179648K
  class space    used 14262K, committed 14784K, reserved 1048576K
}
Event: 62.653 GC heap after
{Heap after GC invocations=65 (full 0):
 garbage-first heap   total 262144K, used 147746K [0x0000000600000000, 0x0000000800000000)
  region size 4096K, 3 young (12288K), 3 survivors (12288K)
 Metaspace       used 101867K, committed 102912K, reserved 1179648K
  class space    used 14262K, committed 14784K, reserved 1048576K
}
Event: 67.078 GC heap before
{Heap before GC invocations=65 (full 0):
 garbage-first heap   total 262144K, used 209186K [0x0000000600000000, 0x0000000800000000)
  region size 4096K, 18 young (73728K), 3 survivors (12288K)
 Metaspace       used 103490K, committed 104704K, reserved 1179648K
  class space    used 14524K, committed 15104K, reserved 1048576K
}
Event: 67.091 GC heap after
{Heap after GC invocations=66 (full 0):
 garbage-first heap   total 262144K, used 152777K [0x0000000600000000, 0x0000000800000000)
  region size 4096K, 2 young (8192K), 2 survivors (8192K)
 Metaspace       used 103490K, committed 104704K, reserved 1179648K
  class space    used 14524K, committed 15104K, reserved 1048576K
}
Event: 68.810 GC heap before
{Heap before GC invocations=67 (full 0):
 garbage-first heap   total 266240K, used 210121K [0x0000000600000000, 0x0000000800000000)
  region size 4096K, 16 young (65536K), 2 survivors (8192K)
 Metaspace       used 104285K, committed 105408K, reserved 1179648K
  class space    used 14622K, committed 15168K, reserved 1048576K
}
Event: 68.819 GC heap after
{Heap after GC invocations=68 (full 0):
 garbage-first heap   total 266240K, used 156800K [0x0000000600000000, 0x0000000800000000)
  region size 4096K, 2 young (8192K), 2 survivors (8192K)
 Metaspace       used 104285K, committed 105408K, reserved 1179648K
  class space    used 14622K, committed 15168K, reserved 1048576K
}
Event: 70.513 GC heap before
{Heap before GC invocations=68 (full 0):
 garbage-first heap   total 266240K, used 214144K [0x0000000600000000, 0x0000000800000000)
  region size 4096K, 16 young (65536K), 2 survivors (8192K)
 Metaspace       used 104722K, committed 105920K, reserved 1179648K
  class space    used 14666K, committed 15232K, reserved 1048576K
}
Event: 70.527 GC heap after
{Heap after GC invocations=69 (full 0):
 garbage-first heap   total 266240K, used 163002K [0x0000000600000000, 0x0000000800000000)
  region size 4096K, 2 young (8192K), 2 survivors (8192K)
 Metaspace       used 104722K, committed 105920K, reserved 1179648K
  class space    used 14666K, committed 15232K, reserved 1048576K
}

