# JRE version: OpenJDK Runtime Environment Temurin-21.0.10+7 (21.0.10+7) (build 21.0.10+7-LTS)
# Java VM: OpenJDK 64-Bit Server VM Temurin-21.0.10+7 (21.0.10+7-LTS, mixed mode, sharing, tiered, compressed oops, compressed class ptrs, g1 gc, windows-amd64)
GC Precious Log:
 CardTable entry size: 512
 Card Set container configuration: InlinePtr #cards 4 size 8 Array Of Cards #cards 32 size 80 Howl #buckets 8 coarsen threshold 7372 Howl Bitmap #cards 1024 size 144 coarsen threshold 921 Card regions per heap region 1 cards per card region 8192
 CPUs: 8 total, 8 available
 Memory: 7502M
 Large Page Support: Disabled
 NUMA Support: Disabled
 Compressed Oops: Enabled (Zero based)
 Heap Region Size: 4M
 Heap Min Capacity: 8M
 Heap Initial Capacity: 120M
 Heap Max Capacity: 8G
 Pre-touch: Disabled
 Parallel Workers: 8
 Concurrent Workers: 2
 Concurrent Refinement Workers: 8
 Periodic GC: Disabled
Heap:
 garbage-first heap   total 192512K, used 132712K [0x0000000600000000, 0x0000000800000000)
  region size 4096K, 3 young (12288K), 2 survivors (8192K)
 Metaspace       used 104337K, committed 106816K, reserved 1179648K
  class space    used 14906K, committed 16128K, reserved 1048576K
GC Heap History (20 events):
Event: 50.740 GC heap before
{Heap before GC invocations=32 (full 0):
 garbage-first heap   total 163840K, used 140999K [0x0000000600000000, 0x0000000800000000)
  region size 4096K, 12 young (49152K), 2 survivors (8192K)
 Metaspace       used 83685K, committed 85888K, reserved 1179648K
  class space    used 12014K, committed 13120K, reserved 1048576K
}
Event: 50.747 GC heap after
{Heap after GC invocations=33 (full 0):
 garbage-first heap   total 163840K, used 102483K [0x0000000600000000, 0x0000000800000000)
  region size 4096K, 1 young (4096K), 1 survivors (4096K)
 Metaspace       used 83685K, committed 85888K, reserved 1179648K
  class space    used 12014K, committed 13120K, reserved 1048576K
}
Event: 52.375 GC heap before
{Heap before GC invocations=33 (full 0):
 garbage-first heap   total 163840K, used 139347K [0x0000000600000000, 0x0000000800000000)
  region size 4096K, 11 young (45056K), 1 survivors (4096K)
 Metaspace       used 86988K, committed 89216K, reserved 1179648K
  class space    used 12466K, committed 13568K, reserved 1048576K
}
Event: 52.380 GC heap after
{Heap after GC invocations=34 (full 0):
 garbage-first heap   total 163840K, used 103672K [0x0000000600000000, 0x0000000800000000)
  region size 4096K, 1 young (4096K), 1 survivors (4096K)
 Metaspace       used 86988K, committed 89216K, reserved 1179648K
  class space    used 12466K, committed 13568K, reserved 1048576K
}
Event: 53.901 GC heap before
{Heap before GC invocations=34 (full 0):
 garbage-first heap   total 163840K, used 144632K [0x0000000600000000, 0x0000000800000000)
  region size 4096K, 11 young (45056K), 1 survivors (4096K)
 Metaspace       used 89506K, committed 91776K, reserved 1179648K
  class space    used 12819K, committed 13952K, reserved 1048576K
}
Event: 53.909 GC heap after
{Heap after GC invocations=35 (full 0):
 garbage-first heap   total 163840K, used 106348K [0x0000000600000000, 0x0000000800000000)
  region size 4096K, 2 young (8192K), 2 survivors (8192K)
 Metaspace       used 89506K, committed 91776K, reserved 1179648K
  class space    used 12819K, committed 13952K, reserved 1048576K
}
Event: 55.988 GC heap before
{Heap before GC invocations=36 (full 0):
 garbage-first heap   total 184320K, used 143212K [0x0000000600000000, 0x0000000800000000)
  region size 4096K, 11 young (45056K), 2 survivors (8192K)
 Metaspace       used 90889K, committed 93056K, reserved 1179648K
  class space    used 12999K, committed 14080K, reserved 1048576K
}
Event: 55.997 GC heap after
{Heap after GC invocations=37 (full 0):
 garbage-first heap   total 184320K, used 108944K [0x0000000600000000, 0x0000000800000000)
  region size 4096K, 2 young (8192K), 2 survivors (8192K)
 Metaspace       used 90889K, committed 93056K, reserved 1179648K
  class space    used 12999K, committed 14080K, reserved 1048576K
}
Event: 57.970 GC heap before
{Heap before GC invocations=37 (full 0):
 garbage-first heap   total 184320K, used 162192K [0x0000000600000000, 0x0000000800000000)
  region size 4096K, 15 young (61440K), 2 survivors (8192K)
 Metaspace       used 94829K, committed 97088K, reserved 1179648K
  class space    used 13628K, committed 14784K, reserved 1048576K
}
Event: 57.982 GC heap after
{Heap after GC invocations=38 (full 0):
 garbage-first heap   total 184320K, used 109143K [0x0000000600000000, 0x0000000800000000)
  region size 4096K, 1 young (4096K), 1 survivors (4096K)
 Metaspace       used 94829K, committed 97088K, reserved 1179648K
  class space    used 13628K, committed 14784K, reserved 1048576K
}
Event: 60.811 GC heap before
{Heap before GC invocations=38 (full 0):
 garbage-first heap   total 184320K, used 166487K [0x0000000600000000, 0x0000000800000000)
  region size 4096K, 15 young (61440K), 1 survivors (4096K)
 Metaspace       used 98822K, committed 101120K, reserved 1179648K
  class space    used 14229K, committed 15360K, reserved 1048576K
}
Event: 60.822 GC heap after
{Heap after GC invocations=39 (full 0):
 garbage-first heap   total 184320K, used 110947K [0x0000000600000000, 0x0000000800000000)
  region size 4096K, 2 young (8192K), 2 survivors (8192K)
 Metaspace       used 98822K, committed 101120K, reserved 1179648K
  class space    used 14229K, committed 15360K, reserved 1048576K
}
Event: 63.261 GC heap before
{Heap before GC invocations=40 (full 0):
 garbage-first heap   total 192512K, used 164195K [0x0000000600000000, 0x0000000800000000)
  region size 4096K, 15 young (61440K), 2 survivors (8192K)
 Metaspace       used 101976K, committed 104320K, reserved 1179648K
  class space    used 14708K, committed 15872K, reserved 1048576K
}
Event: 63.270 GC heap after
{Heap after GC invocations=41 (full 0):
 garbage-first heap   total 192512K, used 114502K [0x0000000600000000, 0x0000000800000000)
  region size 4096K, 2 young (8192K), 2 survivors (8192K)
 Metaspace       used 101976K, committed 104320K, reserved 1179648K
  class space    used 14708K, committed 15872K, reserved 1048576K
}
Event: 67.286 GC heap before
{Heap before GC invocations=41 (full 0):
 garbage-first heap   total 192512K, used 167750K [0x0000000600000000, 0x0000000800000000)
  region size 4096K, 16 young (65536K), 2 survivors (8192K)
 Metaspace       used 103336K, committed 105664K, reserved 1179648K
  class space    used 14766K, committed 15936K, reserved 1048576K
}
Event: 67.301 GC heap after
{Heap after GC invocations=42 (full 0):
 garbage-first heap   total 192512K, used 118750K [0x0000000600000000, 0x0000000800000000)
  region size 4096K, 2 young (8192K), 2 survivors (8192K)
 Metaspace       used 103336K, committed 105664K, reserved 1179648K
  class space    used 14766K, committed 15936K, reserved 1048576K
}
Event: 70.447 GC heap before
{Heap before GC invocations=42 (full 0):
 garbage-first heap   total 192512K, used 171998K [0x0000000600000000, 0x0000000800000000)
  region size 4096K, 16 young (65536K), 2 survivors (8192K)
 Metaspace       used 103339K, committed 105664K, reserved 1179648K
  class space    used 14766K, committed 15936K, reserved 1048576K
}
Event: 70.456 GC heap after
{Heap after GC invocations=43 (full 0):
 garbage-first heap   total 192512K, used 122148K [0x0000000600000000, 0x0000000800000000)
  region size 4096K, 1 young (4096K), 1 survivors (4096K)
 Metaspace       used 103339K, committed 105664K, reserved 1179648K
  class space    used 14766K, committed 15936K, reserved 1048576K
}
Event: 86.324 GC heap before
{Heap before GC invocations=43 (full 0):
 garbage-first heap   total 192512K, used 171300K [0x0000000600000000, 0x0000000800000000)
  region size 4096K, 14 young (57344K), 1 survivors (4096K)
 Metaspace       used 104324K, committed 106688K, reserved 1179648K
  class space    used 14904K, committed 16064K, reserved 1048576K
}
Event: 86.334 GC heap after
{Heap after GC invocations=44 (full 0):
 garbage-first heap   total 192512K, used 132712K [0x0000000600000000, 0x0000000800000000)
  region size 4096K, 2 young (8192K), 2 survivors (8192K)
 Metaspace       used 104324K, committed 106688K, reserved 1179648K
  class space    used 14904K, committed 16064K, reserved 1048576K
}

